<?xml version="1.0" encoding="UTF-8"?>
<!-- Generated by org.testng.reporters.JUnitXMLReporter -->
<testsuite ignored="0" hostname="DESKTOP-MGQPMF7" failures="1" tests="1" name="OperaTest" time="0.21" errors="0" timestamp="2025-04-04T04:33:03 IST">
  <testcase classname="Selenium_Interview_Que.CrossBrowser_Test_Program" name="openTheChrossBrowser" time="0.2">
    <failure type="java.lang.ClassCastException" message="class io.github.bonigarcia.wdm.managers.OperaDriverManager cannot be cast to class org.openqa.selenium.WebDriver (io.github.bonigarcia.wdm.managers.OperaDriverManager and org.openqa.selenium.WebDriver are in unnamed module of loader &amp;apos;app&amp;apos;)">
      <![CDATA[java.lang.ClassCastException: class io.github.bonigarcia.wdm.managers.OperaDriverManager cannot be cast to class org.openqa.selenium.WebDriver (io.github.bonigarcia.wdm.managers.OperaDriverManager and org.openqa.selenium.WebDriver are in unnamed module of loader 'app')
at Selenium_Interview_Que.CrossBrowser_Test_Program.openTheChrossBrowser(CrossBrowser_Test_Program.java:43)
at java.base/java.util.ArrayList.forEach(ArrayList.java:1511)
at java.base/java.util.concurrent.FutureTask.run(FutureTask.java:264)
at java.base/java.util.concurrent.ThreadPoolExecutor.runWorker(ThreadPoolExecutor.java:1136)
at java.base/java.util.concurrent.ThreadPoolExecutor$Worker.run(ThreadPoolExecutor.java:635)
at java.base/java.lang.Thread.run(Thread.java:833)
... Removed 16 stack frames]]>
    </failure>
  </testcase> <!-- openTheChrossBrowser -->
</testsuite> <!-- OperaTest -->
