<?xml version="1.0" encoding="UTF-8"?>
<!-- Generated by org.testng.reporters.JUnitXMLReporter -->
<testsuite ignored="0" hostname="DESKTOP-MGQPMF7" failures="1" tests="1" name="Edgetest" time="8.566" errors="0" timestamp="2025-03-16T17:29:33 IST">
  <testcase classname="Logical_Programs.Test.ParallelBrowserTesting" name="openBrowser" time="8.461">
    <failure type="org.openqa.selenium.WebDriverException" message="target frame detached
  (failed to check if window was closed: disconnected: Unable to receive message from renderer)
  (Session info: MicrosoftEdge=134.0.3124.66)
Build info: version: &amp;apos;4.20.0&amp;apos;, revision: &amp;apos;866c76ca80&amp;apos;
System info: os.name: &amp;apos;Windows 10&amp;apos;, os.arch: &amp;apos;amd64&amp;apos;, os.version: &amp;apos;10.0&amp;apos;, java.version: &amp;apos;18.0.1&amp;apos;
Driver info: org.openqa.selenium.edge.EdgeDriver
Command: [c581cece933267b3e4c657cc608616d8, get {url=https://www.flipkart.com/}]
Capabilities {acceptInsecureCerts: false, browserName: MicrosoftEdge, browserVersion: 134.0.3124.66, fedcm:accounts: true, ms:edgeOptions: {debuggerAddress: localhost:49412}, msedge: {msedgedriverVersion: 134.0.3124.72 (c81e2c3854de..., userDataDir: C:\Users\ADMIN\AppData\Loca...}, networkConnectionEnabled: false, pageLoadStrategy: normal, platformName: windows, proxy: Proxy(), se:cdp: ws://localhost:49412/devtoo..., se:cdpVersion: 134.0.3124.66, setWindowRect: true, strictFileInteractability: false, timeouts: {implicit: 0, pageLoad: 300000, script: 30000}, unhandledPromptBehavior: dismiss and notify, webauthn:extension:credBlob: true, webauthn:extension:largeBlob: true, webauthn:extension:minPinLength: true, webauthn:extension:prf: true, webauthn:virtualAuthenticators: true}
Session ID: c581cece933267b3e4c657cc608616d8">
      <![CDATA[org.openqa.selenium.WebDriverException: target frame detached
  (failed to check if window was closed: disconnected: Unable to receive message from renderer)
  (Session info: MicrosoftEdge=134.0.3124.66)
Build info: version: '4.20.0', revision: '866c76ca80'
System info: os.name: 'Windows 10', os.arch: 'amd64', os.version: '10.0', java.version: '18.0.1'
Driver info: org.openqa.selenium.edge.EdgeDriver
Command: [c581cece933267b3e4c657cc608616d8, get {url=https://www.flipkart.com/}]
Capabilities {acceptInsecureCerts: false, browserName: MicrosoftEdge, browserVersion: 134.0.3124.66, fedcm:accounts: true, ms:edgeOptions: {debuggerAddress: localhost:49412}, msedge: {msedgedriverVersion: 134.0.3124.72 (c81e2c3854de..., userDataDir: C:\Users\ADMIN\AppData\Loca...}, networkConnectionEnabled: false, pageLoadStrategy: normal, platformName: windows, proxy: Proxy(), se:cdp: ws://localhost:49412/devtoo..., se:cdpVersion: 134.0.3124.66, setWindowRect: true, strictFileInteractability: false, timeouts: {implicit: 0, pageLoad: 300000, script: 30000}, unhandledPromptBehavior: dismiss and notify, webauthn:extension:credBlob: true, webauthn:extension:largeBlob: true, webauthn:extension:minPinLength: true, webauthn:extension:prf: true, webauthn:virtualAuthenticators: true}
Session ID: c581cece933267b3e4c657cc608616d8
at org.openqa.selenium.remote.ErrorCodec.decode(ErrorCodec.java:167)
at org.openqa.selenium.remote.codec.w3c.W3CHttpResponseCodec.decode(W3CHttpResponseCodec.java:138)
at org.openqa.selenium.remote.codec.w3c.W3CHttpResponseCodec.decode(W3CHttpResponseCodec.java:50)
at org.openqa.selenium.remote.HttpCommandExecutor.execute(HttpCommandExecutor.java:190)
at org.openqa.selenium.remote.service.DriverCommandExecutor.invokeExecute(DriverCommandExecutor.java:216)
at org.openqa.selenium.remote.service.DriverCommandExecutor.execute(DriverCommandExecutor.java:174)
at org.openqa.selenium.remote.RemoteWebDriver.execute(RemoteWebDriver.java:518)
at org.openqa.selenium.remote.RemoteWebDriver.get(RemoteWebDriver.java:300)
at Logical_Programs.Test.ParallelBrowserTesting.openBrowser(ParallelBrowserTesting.java:44)
at java.base/java.util.ArrayList.forEach(ArrayList.java:1511)
at java.base/java.util.concurrent.FutureTask.run(FutureTask.java:264)
at java.base/java.util.concurrent.ThreadPoolExecutor.runWorker(ThreadPoolExecutor.java:1136)
at java.base/java.util.concurrent.ThreadPoolExecutor$Worker.run(ThreadPoolExecutor.java:635)
at java.base/java.lang.Thread.run(Thread.java:833)
... Removed 19 stack frames]]>
    </failure>
  </testcase> <!-- openBrowser -->
</testsuite> <!-- Edgetest -->
