<?xml version="1.0" encoding="UTF-8"?>
<testng-results ignored="0" total="3" passed="3" failed="0" skipped="0">
  <reporter-output>
  </reporter-output>
  <suite started-at="2025-04-04T05:07:27 IST" name="CrossBrowserTestSuite" finished-at="2025-04-04T05:07:43 IST" duration-ms="16441">
    <groups>
    </groups>
    <test started-at="2025-04-04T05:07:27 IST" name="ChromeTest" finished-at="2025-04-04T05:07:33 IST" duration-ms="6449">
      <class name="Selenium_Interview_Que.CrossBrowser_Test_Program">
        <test-method signature="openCrossBrowsers(java.lang.String)[pri:0, instance:Selenium_Interview_Que.CrossBrowser_Test_Program@4efc180e]" started-at="2025-04-04T05:07:27 IST" name="openCrossBrowsers" finished-at="2025-04-04T05:07:33 IST" duration-ms="6376" status="PASS">
          <params>
            <param index="0">
              <value>
                <![CDATA[chrome]]>
              </value>
            </param>
          </params>
          <reporter-output>
          </reporter-output>
        </test-method> <!-- openCrossBrowsers -->
      </class> <!-- Selenium_Interview_Que.CrossBrowser_Test_Program -->
    </test> <!-- ChromeTest -->
    <test started-at="2025-04-04T05:07:34 IST" name="Edge" finished-at="2025-04-04T05:07:43 IST" duration-ms="9314">
      <class name="Selenium_Interview_Que.CrossBrowser_Test_Program">
        <test-method signature="openCrossBrowsers(java.lang.String)[pri:0, instance:Selenium_Interview_Que.CrossBrowser_Test_Program@23c30a20]" started-at="2025-04-04T05:07:34 IST" name="openCrossBrowsers" finished-at="2025-04-04T05:07:43 IST" duration-ms="9293" status="PASS">
          <params>
            <param index="0">
              <value>
                <![CDATA[edge]]>
              </value>
            </param>
          </params>
          <reporter-output>
          </reporter-output>
        </test-method> <!-- openCrossBrowsers -->
      </class> <!-- Selenium_Interview_Que.CrossBrowser_Test_Program -->
    </test> <!-- Edge -->
    <test started-at="2025-04-04T05:07:27 IST" name="firefox" finished-at="2025-04-04T05:07:43 IST" duration-ms="16441">
      <class name="Selenium_Interview_Que.CrossBrowser_Test_Program">
        <test-method signature="openCrossBrowsers(java.lang.String)[pri:0, instance:Selenium_Interview_Que.CrossBrowser_Test_Program@550dbc7a]" started-at="2025-04-04T05:07:27 IST" name="openCrossBrowsers" finished-at="2025-04-04T05:07:43 IST" duration-ms="16375" status="PASS">
          <params>
            <param index="0">
              <value>
                <![CDATA[firefox]]>
              </value>
            </param>
          </params>
          <reporter-output>
          </reporter-output>
        </test-method> <!-- openCrossBrowsers -->
      </class> <!-- Selenium_Interview_Que.CrossBrowser_Test_Program -->
    </test> <!-- firefox -->
  </suite> <!-- CrossBrowserTestSuite -->
</testng-results>
