<?xml version="1.0" encoding="UTF-8"?>
<!-- Generated by org.testng.reporters.JUnitReportReporter -->
<testsuite hostname="DESKTOP-MGQPMF7" failures="0" tests="3" name="Selenium_Interview_Que.CrossBrowser_Test_Program" time="32.044" errors="0" timestamp="2025-04-04T05:07:44 IST" skipped="0">
  <testcase classname="Selenium_Interview_Que.CrossBrowser_Test_Program" name="openCrossBrowsers" time="16.375"/>
  <system-out/>
  <testcase classname="Selenium_Interview_Que.CrossBrowser_Test_Program" name="openCrossBrowsers" time="9.293"/>
  <system-out/>
  <testcase classname="Selenium_Interview_Que.CrossBrowser_Test_Program" name="openCrossBrowsers" time="6.376"/>
  <system-out/>
</testsuite> <!-- Selenium_Interview_Que.CrossBrowser_Test_Program -->
